Se incia la aplicación
Creación de la ventana de login
Se registran los listeners.
Se inicia la carga de parametros para conectar con la BD.
Recuperación de los datos para la conexión con la BD
Se intenta leer el archivo de propiedades cfg/conexionBD.properties
se cargó exitosamente
Parámetros de conexión: jdbc:mysql://localhost:3306/banco?useSSL=false&allowPublicKeyRetrieval=true&serverTimezone=America/Argentina/Buenos_Aires
Se inicializa la ventana de login.
se registra el controlador.
se muestra la ventana.
se carga el combo con los usuarios.
Intenta ingresar como Empleado
Intenta ingresar como Empleado con legajo dfddfgdf, password dfgdfg
Recupera el usuario de BD para Empleado
Ingresa a recuperar el usuarioBD y passwordBD para acceder a la BD del usuario Empleado
usuario empleado, password empleado
Se crea el modelo Empleado.
Parametros de conexion: url= jdbc:mysql://localhost:3306/banco?useSSL=false&allowPublicKeyRetrieval=true&serverTimezone=America/Argentina/Buenos_Aires, user=empleado, pass=empleado
Se establece la conexión con la BD
Se intenta autenticar el legajo dfddfgdf con password dfgdfg
Empleado dfddfgdf autenticado
Inicializacion de la ventana del Empleado
Se registran los listeners.
Se crea el controlador del Empleado.
Transfiere el control al nuevo controlador
Solicita al DAO un empleado con legajo 1
recupera el empleado que corresponde al legajo 1.
Se registra al empleado ApEmp9, NomEmp9 con legajo 9
recupera los tipos de documentos.
Carga el combo con los 1 tipos de documento recuperados
muestra la ventana
Informa a la vista que puede eliminar la ventana de login.
Eliminación de la ventana de login.
Ejecuta el listener de consulta de saldo
Muestra el panel de nuevo prestamo
Selecciona el cliente
Solicita seleccionar un cliente con documento DNI fdgdfg para realizar el préstamo.
Se produjo una excepción al realizar el parsing
Crea una ventana modal informando sobre el mensaje.
Selecciona el cliente
Solicita seleccionar un cliente con documento DNI 1 para realizar el préstamo.
recupera el cliente con documento de tipo DNI y nro 1.
Verifica si el cliente 3 tiene algun prestamo que tienen cuotas por pagar.
Cambia de estado para permitir ingresar un monto
Ingresa un monto para obtener información de un potencial prestamo
Solicita información sobre un monto.
Se solicita parsing del monto
recupera los períodos (cantidad de meses) según el monto 10000.0 para el prestamo.
Carga el combo con las cantidad de meses recuperadas. Total 5 items
Ingresa el item: 9
Cambia la opcion del mes a 9 con monto 10000.
Solicita obtener información sobre el prestamo.
Se solicita al modelo validar y parse del monto
Se solicita al modelo validar y parse de la cantidad de meses
Busca la tasa correspondiente a el monto 10000.0 con una cantidad de meses 9
Cambia de estado para permitir crear el prestamo.
Ingresa el item: 18
Ingresa el item: 27
Ingresa el item: 54
Ingresa el item: 108
Cambia de estado para permitir ingresar el período
Cambia la opcion del mes a 108 con monto 10000.
Solicita obtener información sobre el prestamo.
Se solicita al modelo validar y parse del monto
Se solicita al modelo validar y parse de la cantidad de meses
Busca la tasa correspondiente a el monto 10000.0 con una cantidad de meses 108
Cambia de estado para permitir crear el prestamo.
Solicita la creación de un nuevo prestamo.
Solicita realizar el prestamo para el cliente DNI:1 de un monto de 10000 en un periodo de 108 meses
recupera el cliente con documento de tipo DNI y nro 1.
Verifica que el cliente 3 no tenga un prestamo vigente.
Verifica si el cliente 3 tiene algun prestamo que tienen cuotas por pagar.
Busca la tasa, interes y cuota para un prestamo de 10000.0 pesos a 108 meses
Busca la tasa correspondiente a el monto 10000.0 con una cantidad de meses 108
Crea un nuevo prestamo.
Actualiza el prestamo con el legajo 1
Creación o actualizacion del prestamo.
meses : 108
monto : 10000.0
tasa : 23.0
interes : 20700.0
cuota : 284.25925925925924
legajo : 1
cliente : 3
Crea una ventana modal informando sobre el mensaje.
Saliendo de la aplicación.
Se desconecta la conexión a la BD.
Se intenta cerrar la conexión activa
Eliminación de la ventana.
Se incia la aplicación
Creación de la ventana de login
Se registran los listeners.
Se inicia la carga de parametros para conectar con la BD.
Recuperación de los datos para la conexión con la BD
Se intenta leer el archivo de propiedades cfg/conexionBD.properties
se cargó exitosamente
Parámetros de conexión: jdbc:mysql://localhost:3306/banco?useSSL=false&allowPublicKeyRetrieval=true&serverTimezone=America/Argentina/Buenos_Aires
Se inicializa la ventana de login.
se registra el controlador.
se muestra la ventana.
se carga el combo con los usuarios.
Se incia la aplicación
Creación de la ventana de login
Se registran los listeners.
Se inicia la carga de parametros para conectar con la BD.
Recuperación de los datos para la conexión con la BD
Se intenta leer el archivo de propiedades cfg/conexionBD.properties
se cargó exitosamente
Parámetros de conexión: jdbc:mysql://localhost:3306/banco?useSSL=false&allowPublicKeyRetrieval=true&serverTimezone=America/Argentina/Buenos_Aires
Se inicializa la ventana de login.
se registra el controlador.
se muestra la ventana.
se carga el combo con los usuarios.
Se incia la aplicación
Creación de la ventana de login
Se registran los listeners.
Se inicia la carga de parametros para conectar con la BD.
Recuperación de los datos para la conexión con la BD
Se intenta leer el archivo de propiedades cfg/conexionBD.properties
se cargó exitosamente
Parámetros de conexión: jdbc:mysql://localhost:3306/banco?useSSL=false&allowPublicKeyRetrieval=true&serverTimezone=America/Argentina/Buenos_Aires
Se inicializa la ventana de login.
se registra el controlador.
se muestra la ventana.
se carga el combo con los usuarios.
Se incia la aplicación
Creación de la ventana de login
Se registran los listeners.
Se inicia la carga de parametros para conectar con la BD.
Recuperación de los datos para la conexión con la BD
Se intenta leer el archivo de propiedades cfg/conexionBD.properties
se cargó exitosamente
Parámetros de conexión: jdbc:mysql://localhost:3306/banco?useSSL=false&allowPublicKeyRetrieval=true&serverTimezone=America/Argentina/Buenos_Aires
Se inicializa la ventana de login.
se registra el controlador.
se muestra la ventana.
se carga el combo con los usuarios.
